<?xml version="1.0" encoding="UTF-8"?>
<!-- Generated by org.testng.reporters.JUnitXMLReporter -->
<testsuite ignored="0" hostname="DESKTOP-E9GJR29" failures="0" tests="4" name="carLoan" time="0.014" errors="0" timestamp="2024-07-10T02:31:11 IST">
  <testcase classname="test.day3" name="LoginAPI" time="0.001"/>
  <testcase classname="test.day3" name="MobileLogin" time="0.001"/>
  <testcase classname="test.day3" name="MobileLogin1" time="0.002"/>
  <testcase classname="test.day3" name="WebLogin" time="0.001"/>
</testsuite> <!-- carLoan -->
