<?xml version="1.0" encoding="UTF-8"?>
<!-- Generated by org.testng.reporters.JUnitXMLReporter -->
<testsuite ignored="6" hostname="DESKTOP-E9GJR29" failures="0" tests="3" name="Test" time="0.061" errors="0" timestamp="2024-07-10T12:59:03 IST">
  <testcase classname="test.day2" name="ploan" time="0.006"/>
  <testcase classname="test.day4" name="LoginAPIHome" time="0.002"/>
  <testcase classname="test.day4" name="WebLoginhome" time="0.003"/>
  <testcase classname="test.day3" name="MobileLogin" time="0.0">
    <ignored/>
  </testcase> <!-- MobileLogin -->
  <testcase classname="test.day3" name="WebLogin" time="0.0">
    <ignored/>
  </testcase> <!-- WebLogin -->
  <testcase classname="test.day3" name="LoginAPI" time="0.0">
    <ignored/>
  </testcase> <!-- LoginAPI -->
  <testcase classname="test.day2" name="secondDemo" time="0.0">
    <ignored/>
  </testcase> <!-- secondDemo -->
  <testcase classname="test.day4" name="MobileLoginHome" time="0.0">
    <ignored/>
  </testcase> <!-- MobileLoginHome -->
  <testcase classname="test.day3" name="MobileLogin1" time="0.0">
    <ignored/>
  </testcase> <!-- MobileLogin1 -->
</testsuite> <!-- Test -->
