<?xml version="1.0" encoding="UTF-8"?>
<testng-results ignored="0" total="3" passed="3" failed="0" skipped="0">
  <reporter-output>
  </reporter-output>
  <suite started-at="2024-07-10T13:08:26 IST" name="Default suite" finished-at="2024-07-10T13:08:26 IST" duration-ms="52">
    <groups>
      <group name="smoke">
        <method signature="day2.ploan()[pri:0, instance:test.day2@483f6d77]" name="ploan" class="test.day2"/>
      </group> <!-- smoke -->
    </groups>
    <test started-at="2024-07-10T13:08:26 IST" name="Default test" finished-at="2024-07-10T13:08:26 IST" duration-ms="52">
      <class name="test.day2">
        <test-method is-config="true" signature="seconDemo()[pri:0, instance:test.day2@483f6d77]" started-at="2024-07-10T13:08:26 IST" name="seconDemo" finished-at="2024-07-10T13:08:26 IST" duration-ms="10" status="PASS">
          <reporter-output>
          </reporter-output>
        </test-method> <!-- seconDemo -->
        <test-method signature="ploan()[pri:0, instance:test.day2@483f6d77]" started-at="2024-07-10T13:08:26 IST" name="ploan" finished-at="2024-07-10T13:08:26 IST" duration-ms="5" status="PASS">
          <reporter-output>
          </reporter-output>
        </test-method> <!-- ploan -->
        <test-method signature="seco1nDemo()[pri:0, instance:test.day2@483f6d77]" started-at="2024-07-10T13:08:26 IST" name="seco1nDemo" finished-at="2024-07-10T13:08:26 IST" duration-ms="1" status="PASS">
          <reporter-output>
          </reporter-output>
        </test-method> <!-- seco1nDemo -->
        <test-method signature="secondDemo()[pri:0, instance:test.day2@483f6d77]" started-at="2024-07-10T13:08:26 IST" name="secondDemo" finished-at="2024-07-10T13:08:26 IST" depends-on-methods="test.day2.ploan, test.day2.seco1nDemo" duration-ms="1" status="PASS">
          <reporter-output>
          </reporter-output>
        </test-method> <!-- secondDemo -->
      </class> <!-- test.day2 -->
    </test> <!-- Default test -->
  </suite> <!-- Default suite -->
</testng-results>
